<?xml version="1.0" encoding="UTF-8"?>
<!-- Generated by org.testng.reporters.JUnitReportReporter -->
<testsuite hostname="VIRUS-20230129K" failures="0" tests="1" name="tests.Search_product_Test" time="2.103" errors="0" timestamp="05 Jul 2024 19:17:56 GMT" skipped="0">
  <testcase classname="tests.Search_product_Test" name="Product_search" time="2.103"/>
</testsuite> <!-- tests.Search_product_Test -->
