<?xml version="1.0" encoding="UTF-8"?>
<!-- Generated by org.testng.reporters.JUnitReportReporter -->
<testsuite hostname="VIRUS-20230129K" failures="0" tests="1" name="tests.Contact_Us_Tests" time="7.044" errors="0" timestamp="06 Jul 2024 08:59:55 GMT" skipped="0">
  <testcase classname="tests.Contact_Us_Tests" name="Contact_US" time="7.044"/>
</testsuite> <!-- tests.Contact_Us_Tests -->
