<?xml version="1.0" encoding="UTF-8"?>
<!-- Generated by org.testng.reporters.JUnitReportReporter -->
<testsuite hostname="VIRUS-20230129K" failures="0" tests="3" name="tests.User_Reg_Tests" time="18.378" errors="0" timestamp="05 Jul 2024 11:54:50 GMT" skipped="0">
  <testcase classname="tests.User_Reg_Tests" name="REG_user_can_login" time="6.098"/>
  <testcase classname="tests.User_Reg_Tests" name="User_REG_Secssfully" time="10.206"/>
  <testcase classname="tests.User_Reg_Tests" name="REG_user_can_Logout" time="2.074"/>
</testsuite> <!-- tests.User_Reg_Tests -->
