<?xml version="1.0" encoding="UTF-8"?>
<!-- Generated by org.testng.reporters.JUnitReportReporter -->
<testsuite hostname="VIRUS-20230129K" failures="0" tests="4" name="tests.My_Account_Test" time="23.621" errors="0" timestamp="05 Jul 2024 15:56:14 GMT" skipped="0">
  <testcase classname="tests.My_Account_Test" name="Rgsed_user_can_change_password" time="6.836"/>
  <testcase classname="tests.My_Account_Test" name="REG_user_can_Logout" time="2.066"/>
  <testcase classname="tests.My_Account_Test" name="REG_user_can_login" time="4.831"/>
  <testcase classname="tests.My_Account_Test" name="User_REG_Secssfully" time="9.888"/>
</testsuite> <!-- tests.My_Account_Test -->
