<?xml version="1.0" encoding="UTF-8"?>
<!-- Generated by org.testng.reporters.JUnitReportReporter -->
<testsuite hostname="VIRUS-20230129K" failures="0" tests="1" name="tests.Search_Product_Using_Auto_Suggastion" time="5.559" errors="0" timestamp="06 Jul 2024 08:11:06 GMT" skipped="0">
  <testcase classname="tests.Search_Product_Using_Auto_Suggastion" name="Product_search_auto_suggest" time="5.559"/>
</testsuite> <!-- tests.Search_Product_Using_Auto_Suggastion -->
